<?xml version="1.0" encoding="UTF-8"?>
<testng-results ignored="0" total="1" passed="1" failed="0" skipped="0">
  <reporter-output>
  </reporter-output>
  <suite started-at="2024-10-30T09:42:40 IST" name="Default suite" finished-at="2024-10-30T09:42:50 IST" duration-ms="10357">
    <groups>
    </groups>
    <test started-at="2024-10-30T09:42:40 IST" name="Default test" finished-at="2024-10-30T09:42:50 IST" duration-ms="10357">
      <class name="api_Assignment.Assignment_4">
        <test-method signature="auth()[pri:0, instance:api_Assignment.Assignment_4@21e360a]" started-at="2024-10-30T09:42:40 IST" name="auth" finished-at="2024-10-30T09:42:50 IST" duration-ms="10272" status="PASS">
          <reporter-output>
          </reporter-output>
        </test-method> <!-- auth -->
      </class> <!-- api_Assignment.Assignment_4 -->
    </test> <!-- Default test -->
  </suite> <!-- Default suite -->
</testng-results>
